{"/home/runner/work/rtldev-middleware-semantic-release-whmcs/rtldev-middleware-semantic-release-whmcs/lib/delete-marketplace-version.js": {"path":"/home/runner/work/rtldev-middleware-semantic-release-whmcs/rtldev-middleware-semantic-release-whmcs/lib/delete-marketplace-version.js","statementMap":{"0":{"start":{"line":1,"column":14},"end":{"line":1,"column":56}},"1":{"start":{"line":2,"column":15},"end":{"line":2,"column":34}},"2":{"start":{"line":3,"column":13},"end":{"line":3,"column":28}},"3":{"start":{"line":8,"column":0},"end":{"line":86,"column":1}},"4":{"start":{"line":13,"column":14},"end":{"line":13,"column":67}},"5":{"start":{"line":14,"column":14},"end":{"line":14,"column":64}},"6":{"start":{"line":16,"column":22},"end":{"line":16,"column":29}},"7":{"start":{"line":17,"column":2},"end":{"line":20,"column":3}},"8":{"start":{"line":18,"column":4},"end":{"line":18,"column":76}},"9":{"start":{"line":19,"column":4},"end":{"line":19,"column":16}},"10":{"start":{"line":22,"column":2},"end":{"line":22,"column":43}},"11":{"start":{"line":24,"column":16},"end":{"line":24,"column":37}},"12":{"start":{"line":25,"column":17},"end":{"line":25,"column":36}},"13":{"start":{"line":26,"column":2},"end":{"line":28,"column":3}},"14":{"start":{"line":27,"column":4},"end":{"line":27,"column":17}},"15":{"start":{"line":30,"column":4},"end":{"line":30,"column":16}},"16":{"start":{"line":33,"column":2},"end":{"line":79,"column":3}},"17":{"start":{"line":35,"column":16},"end":{"line":35,"column":63}},"18":{"start":{"line":36,"column":4},"end":{"line":36,"column":34}},"19":{"start":{"line":37,"column":4},"end":{"line":37,"column":43}},"20":{"start":{"line":47,"column":19},"end":{"line":47,"column":21}},"21":{"start":{"line":48,"column":4},"end":{"line":71,"column":29}},"22":{"start":{"line":49,"column":20},"end":{"line":49,"column":128}},"23":{"start":{"line":50,"column":6},"end":{"line":50,"column":53}},"24":{"start":{"line":51,"column":6},"end":{"line":51,"column":27}},"25":{"start":{"line":52,"column":18},"end":{"line":52,"column":49}},"26":{"start":{"line":53,"column":6},"end":{"line":53,"column":37}},"27":{"start":{"line":54,"column":6},"end":{"line":70,"column":7}},"28":{"start":{"line":55,"column":8},"end":{"line":55,"column":39}},"29":{"start":{"line":56,"column":8},"end":{"line":56,"column":33}},"30":{"start":{"line":57,"column":8},"end":{"line":57,"column":33}},"31":{"start":{"line":58,"column":8},"end":{"line":58,"column":41}},"32":{"start":{"line":59,"column":8},"end":{"line":59,"column":17}},"33":{"start":{"line":60,"column":8},"end":{"line":60,"column":37}},"34":{"start":{"line":62,"column":25},"end":{"line":62,"column":48}},"35":{"start":{"line":63,"column":8},"end":{"line":63,"column":58}},"36":{"start":{"line":64,"column":8},"end":{"line":64,"column":55}},"37":{"start":{"line":65,"column":8},"end":{"line":65,"column":42}},"38":{"start":{"line":66,"column":8},"end":{"line":66,"column":45}},"39":{"start":{"line":67,"column":8},"end":{"line":67,"column":44}},"40":{"start":{"line":68,"column":8},"end":{"line":68,"column":17}},"41":{"start":{"line":69,"column":8},"end":{"line":69,"column":70}},"42":{"start":{"line":74,"column":4},"end":{"line":78,"column":5}},"43":{"start":{"line":75,"column":6},"end":{"line":75,"column":62}},"44":{"start":{"line":76,"column":6},"end":{"line":76,"column":34}},"45":{"start":{"line":77,"column":6},"end":{"line":77,"column":18}},"46":{"start":{"line":81,"column":2},"end":{"line":81,"column":30}},"47":{"start":{"line":82,"column":2},"end":{"line":85,"column":3}}},"fnMap":{"0":{"name":"(anonymous_0)","decl":{"start":{"line":8,"column":17},"end":{"line":8,"column":18}},"loc":{"start":{"line":8,"column":50},"end":{"line":86,"column":1}},"line":8}},"branchMap":{"0":{"loc":{"start":{"line":17,"column":2},"end":{"line":20,"column":3}},"type":"if","locations":[{"start":{"line":17,"column":2},"end":{"line":20,"column":3}},{"start":{"line":17,"column":2},"end":{"line":20,"column":3}}],"line":17},"1":{"loc":{"start":{"line":17,"column":6},"end":{"line":17,"column":33}},"type":"binary-expr","locations":[{"start":{"line":17,"column":6},"end":{"line":17,"column":14}},{"start":{"line":17,"column":18},"end":{"line":17,"column":33}}],"line":17},"2":{"loc":{"start":{"line":26,"column":2},"end":{"line":28,"column":3}},"type":"if","locations":[{"start":{"line":26,"column":2},"end":{"line":28,"column":3}},{"start":{"line":26,"column":2},"end":{"line":28,"column":3}}],"line":26},"3":{"loc":{"start":{"line":54,"column":6},"end":{"line":70,"column":7}},"type":"if","locations":[{"start":{"line":54,"column":6},"end":{"line":70,"column":7}},{"start":{"line":54,"column":6},"end":{"line":70,"column":7}}],"line":54},"4":{"loc":{"start":{"line":74,"column":4},"end":{"line":78,"column":5}},"type":"if","locations":[{"start":{"line":74,"column":4},"end":{"line":78,"column":5}},{"start":{"line":74,"column":4},"end":{"line":78,"column":5}}],"line":74}},"s":{"0":1,"1":1,"2":1,"3":1,"4":1,"5":1,"6":1,"7":1,"8":0,"9":0,"10":1,"11":1,"12":1,"13":1,"14":0,"15":1,"16":1,"17":1,"18":1,"19":1,"20":1,"21":1,"22":2,"23":2,"24":1,"25":1,"26":1,"27":1,"28":1,"29":1,"30":1,"31":1,"32":1,"33":1,"34":1,"35":1,"36":1,"37":1,"38":1,"39":1,"40":1,"41":1,"42":1,"43":0,"44":0,"45":0,"46":1,"47":1},"f":{"0":1},"b":{"0":[0,1],"1":[1,1],"2":[0,1],"3":[1,0],"4":[0,1]},"_coverageSchema":"1a1c01bbd47fc00a2c39e90264f33305004495a9","hash":"5eb487ecded776ec803afebb959c50df03eef0ae","contentHash":"58b498064feef9cbb23b939d855d3209b2562cf956b698cba662f2993012602b"}
,"/home/runner/work/rtldev-middleware-semantic-release-whmcs/rtldev-middleware-semantic-release-whmcs/lib/get-error.js": {"path":"/home/runner/work/rtldev-middleware-semantic-release-whmcs/rtldev-middleware-semantic-release-whmcs/lib/get-error.js","statementMap":{"0":{"start":{"line":1,"column":29},"end":{"line":1,"column":63}},"1":{"start":{"line":2,"column":26},"end":{"line":2,"column":60}},"2":{"start":{"line":4,"column":0},"end":{"line":7,"column":1}},"3":{"start":{"line":5,"column":31},"end":{"line":5,"column":56}},"4":{"start":{"line":6,"column":2},"end":{"line":6,"column":57}}},"fnMap":{"0":{"name":"(anonymous_0)","decl":{"start":{"line":4,"column":17},"end":{"line":4,"column":18}},"loc":{"start":{"line":4,"column":27},"end":{"line":7,"column":1}},"line":4}},"branchMap":{},"s":{"0":1,"1":1,"2":1,"3":13,"4":13},"f":{"0":13},"b":{},"_coverageSchema":"1a1c01bbd47fc00a2c39e90264f33305004495a9","hash":"42feaf1d4e021518eecb40549b9cd89f3e207d7b","contentHash":"82f6f63bdb60df4ab5c42e0d87531fe106a04d0a4d146f10ba8c79f0fa6ea732"}
,"/home/runner/work/rtldev-middleware-semantic-release-whmcs/rtldev-middleware-semantic-release-whmcs/lib/get-github-releases.js": {"path":"/home/runner/work/rtldev-middleware-semantic-release-whmcs/rtldev-middleware-semantic-release-whmcs/lib/get-github-releases.js","statementMap":{"0":{"start":{"line":1,"column":14},"end":{"line":1,"column":56}},"1":{"start":{"line":2,"column":22},"end":{"line":2,"column":49}},"2":{"start":{"line":3,"column":15},"end":{"line":3,"column":36}},"3":{"start":{"line":11,"column":0},"end":{"line":33,"column":1}},"4":{"start":{"line":12,"column":2},"end":{"line":12,"column":39}},"5":{"start":{"line":14,"column":30},"end":{"line":14,"column":52}},"6":{"start":{"line":16,"column":13},"end":{"line":18,"column":4}},"7":{"start":{"line":19,"column":2},"end":{"line":31,"column":3}},"8":{"start":{"line":21,"column":17},"end":{"line":21,"column":34}},"9":{"start":{"line":22,"column":27},"end":{"line":22,"column":76}},"10":{"start":{"line":23,"column":4},"end":{"line":29,"column":5}},"11":{"start":{"line":24,"column":6},"end":{"line":26,"column":7}},"12":{"start":{"line":25,"column":8},"end":{"line":25,"column":63}},"13":{"start":{"line":27,"column":6},"end":{"line":27,"column":35}},"14":{"start":{"line":28,"column":6},"end":{"line":28,"column":32}},"15":{"start":{"line":30,"column":4},"end":{"line":30,"column":47}},"16":{"start":{"line":32,"column":2},"end":{"line":32,"column":14}}},"fnMap":{"0":{"name":"(anonymous_0)","decl":{"start":{"line":11,"column":17},"end":{"line":11,"column":18}},"loc":{"start":{"line":11,"column":50},"end":{"line":33,"column":1}},"line":11},"1":{"name":"(anonymous_1)","decl":{"start":{"line":24,"column":34},"end":{"line":24,"column":35}},"loc":{"start":{"line":25,"column":8},"end":{"line":25,"column":63}},"line":25}},"branchMap":{"0":{"loc":{"start":{"line":19,"column":2},"end":{"line":31,"column":3}},"type":"if","locations":[{"start":{"line":19,"column":2},"end":{"line":31,"column":3}},{"start":{"line":19,"column":2},"end":{"line":31,"column":3}}],"line":19},"1":{"loc":{"start":{"line":23,"column":4},"end":{"line":29,"column":5}},"type":"if","locations":[{"start":{"line":23,"column":4},"end":{"line":29,"column":5}},{"start":{"line":23,"column":4},"end":{"line":29,"column":5}}],"line":23}},"s":{"0":0,"1":0,"2":0,"3":0,"4":0,"5":0,"6":0,"7":0,"8":0,"9":0,"10":0,"11":0,"12":0,"13":0,"14":0,"15":0,"16":0},"f":{"0":0,"1":0},"b":{"0":[0,0],"1":[0,0]},"all":true}
,"/home/runner/work/rtldev-middleware-semantic-release-whmcs/rtldev-middleware-semantic-release-whmcs/lib/publish.js": {"path":"/home/runner/work/rtldev-middleware-semantic-release-whmcs/rtldev-middleware-semantic-release-whmcs/lib/publish.js","statementMap":{"0":{"start":{"line":1,"column":14},"end":{"line":1,"column":56}},"1":{"start":{"line":2,"column":15},"end":{"line":2,"column":34}},"2":{"start":{"line":3,"column":30},"end":{"line":3,"column":66}},"3":{"start":{"line":4,"column":13},"end":{"line":4,"column":28}},"4":{"start":{"line":9,"column":0},"end":{"line":95,"column":1}},"5":{"start":{"line":10,"column":14},"end":{"line":10,"column":67}},"6":{"start":{"line":11,"column":14},"end":{"line":11,"column":64}},"7":{"start":{"line":15,"column":6},"end":{"line":15,"column":13}},"8":{"start":{"line":16,"column":2},"end":{"line":21,"column":3}},"9":{"start":{"line":17,"column":4},"end":{"line":19,"column":5}},"10":{"start":{"line":20,"column":4},"end":{"line":20,"column":16}},"11":{"start":{"line":23,"column":23},"end":{"line":23,"column":71}},"12":{"start":{"line":25,"column":16},"end":{"line":25,"column":37}},"13":{"start":{"line":26,"column":17},"end":{"line":26,"column":36}},"14":{"start":{"line":27,"column":2},"end":{"line":29,"column":3}},"15":{"start":{"line":28,"column":4},"end":{"line":28,"column":17}},"16":{"start":{"line":30,"column":63},"end":{"line":30,"column":75}},"17":{"start":{"line":32,"column":2},"end":{"line":32,"column":38}},"18":{"start":{"line":33,"column":2},"end":{"line":33,"column":26}},"19":{"start":{"line":35,"column":2},"end":{"line":87,"column":3}},"20":{"start":{"line":37,"column":16},"end":{"line":37,"column":62}},"21":{"start":{"line":38,"column":4},"end":{"line":38,"column":34}},"22":{"start":{"line":39,"column":4},"end":{"line":39,"column":43}},"23":{"start":{"line":40,"column":21},"end":{"line":40,"column":76}},"24":{"start":{"line":41,"column":4},"end":{"line":41,"column":54}},"25":{"start":{"line":42,"column":4},"end":{"line":42,"column":54}},"26":{"start":{"line":51,"column":4},"end":{"line":51,"column":45}},"27":{"start":{"line":55,"column":17},"end":{"line":55,"column":65}},"28":{"start":{"line":66,"column":4},"end":{"line":66,"column":55}},"29":{"start":{"line":68,"column":4},"end":{"line":68,"column":49}},"30":{"start":{"line":77,"column":4},"end":{"line":77,"column":49}},"31":{"start":{"line":79,"column":4},"end":{"line":81,"column":5}},"32":{"start":{"line":82,"column":4},"end":{"line":82,"column":54}},"33":{"start":{"line":84,"column":4},"end":{"line":84,"column":66}},"34":{"start":{"line":85,"column":4},"end":{"line":85,"column":32}},"35":{"start":{"line":86,"column":4},"end":{"line":86,"column":16}},"36":{"start":{"line":88,"column":2},"end":{"line":88,"column":52}},"37":{"start":{"line":89,"column":2},"end":{"line":89,"column":30}},"38":{"start":{"line":91,"column":2},"end":{"line":94,"column":3}}},"fnMap":{"0":{"name":"(anonymous_0)","decl":{"start":{"line":9,"column":17},"end":{"line":9,"column":18}},"loc":{"start":{"line":9,"column":50},"end":{"line":95,"column":1}},"line":9}},"branchMap":{"0":{"loc":{"start":{"line":16,"column":2},"end":{"line":21,"column":3}},"type":"if","locations":[{"start":{"line":16,"column":2},"end":{"line":21,"column":3}},{"start":{"line":16,"column":2},"end":{"line":21,"column":3}}],"line":16},"1":{"loc":{"start":{"line":16,"column":6},"end":{"line":16,"column":60}},"type":"binary-expr","locations":[{"start":{"line":16,"column":6},"end":{"line":16,"column":12}},{"start":{"line":16,"column":16},"end":{"line":16,"column":29}},{"start":{"line":16,"column":33},"end":{"line":16,"column":41}},{"start":{"line":16,"column":45},"end":{"line":16,"column":60}}],"line":16},"2":{"loc":{"start":{"line":27,"column":2},"end":{"line":29,"column":3}},"type":"if","locations":[{"start":{"line":27,"column":2},"end":{"line":29,"column":3}},{"start":{"line":27,"column":2},"end":{"line":29,"column":3}}],"line":27},"3":{"loc":{"start":{"line":55,"column":17},"end":{"line":55,"column":65}},"type":"cond-expr","locations":[{"start":{"line":55,"column":31},"end":{"line":55,"column":52}},{"start":{"line":55,"column":55},"end":{"line":55,"column":65}}],"line":55}},"s":{"0":1,"1":1,"2":1,"3":1,"4":1,"5":3,"6":3,"7":3,"8":3,"9":0,"10":0,"11":3,"12":3,"13":3,"14":3,"15":2,"16":1,"17":1,"18":1,"19":1,"20":1,"21":1,"22":1,"23":1,"24":1,"25":1,"26":1,"27":1,"28":1,"29":1,"30":1,"31":1,"32":1,"33":0,"34":0,"35":0,"36":1,"37":1,"38":1},"f":{"0":3},"b":{"0":[0,3],"1":[3,3,3,3],"2":[2,1],"3":[0,1]},"_coverageSchema":"1a1c01bbd47fc00a2c39e90264f33305004495a9","hash":"244cbca3a545860a4b5ba0f6863bd2fa7dfddeb6","contentHash":"98d3ae4ab393e081693d27658fefdbde3a66c37b28ee73cf1a95632d0891ece0"}
,"/home/runner/work/rtldev-middleware-semantic-release-whmcs/rtldev-middleware-semantic-release-whmcs/lib/puppet.js": {"path":"/home/runner/work/rtldev-middleware-semantic-release-whmcs/rtldev-middleware-semantic-release-whmcs/lib/puppet.js","statementMap":{"0":{"start":{"line":1,"column":18},"end":{"line":1,"column":38}},"1":{"start":{"line":2,"column":14},"end":{"line":2,"column":56}},"2":{"start":{"line":3,"column":22},"end":{"line":3,"column":49}},"3":{"start":{"line":5,"column":0},"end":{"line":113,"column":1}},"4":{"start":{"line":6,"column":14},"end":{"line":22,"column":3}},"5":{"start":{"line":24,"column":18},"end":{"line":38,"column":4}},"6":{"start":{"line":39,"column":21},"end":{"line":39,"column":24}},"7":{"start":{"line":40,"column":17},"end":{"line":40,"column":38}},"8":{"start":{"line":41,"column":2},"end":{"line":43,"column":4}},"9":{"start":{"line":44,"column":2},"end":{"line":46,"column":3}},"10":{"start":{"line":47,"column":2},"end":{"line":47,"column":39}},"11":{"start":{"line":49,"column":2},"end":{"line":55,"column":3}},"12":{"start":{"line":50,"column":4},"end":{"line":54,"column":6}},"13":{"start":{"line":51,"column":6},"end":{"line":53,"column":7}},"14":{"start":{"line":51,"column":19},"end":{"line":51,"column":20}},"15":{"start":{"line":52,"column":8},"end":{"line":52,"column":44}},"16":{"start":{"line":57,"column":2},"end":{"line":63,"column":3}},"17":{"start":{"line":58,"column":30},"end":{"line":58,"column":41}},"18":{"start":{"line":59,"column":16},"end":{"line":59,"column":47}},"19":{"start":{"line":60,"column":4},"end":{"line":60,"column":30}},"20":{"start":{"line":61,"column":4},"end":{"line":61,"column":30}},"21":{"start":{"line":62,"column":4},"end":{"line":62,"column":13}},"22":{"start":{"line":65,"column":2},"end":{"line":69,"column":3}},"23":{"start":{"line":66,"column":35},"end":{"line":66,"column":46}},"24":{"start":{"line":67,"column":4},"end":{"line":67,"column":54}},"25":{"start":{"line":68,"column":4},"end":{"line":68,"column":36}},"26":{"start":{"line":71,"column":2},"end":{"line":105,"column":3}},"27":{"start":{"line":72,"column":68},"end":{"line":72,"column":79}},"28":{"start":{"line":73,"column":21},"end":{"line":73,"column":67}},"29":{"start":{"line":75,"column":4},"end":{"line":90,"column":5}},"30":{"start":{"line":76,"column":6},"end":{"line":76,"column":56}},"31":{"start":{"line":77,"column":6},"end":{"line":77,"column":63}},"32":{"start":{"line":78,"column":6},"end":{"line":78,"column":46}},"33":{"start":{"line":79,"column":6},"end":{"line":79,"column":52}},"34":{"start":{"line":80,"column":6},"end":{"line":80,"column":52}},"35":{"start":{"line":81,"column":6},"end":{"line":81,"column":43}},"36":{"start":{"line":82,"column":6},"end":{"line":82,"column":54}},"37":{"start":{"line":84,"column":6},"end":{"line":87,"column":7}},"38":{"start":{"line":88,"column":6},"end":{"line":88,"column":34}},"39":{"start":{"line":89,"column":6},"end":{"line":89,"column":18}},"40":{"start":{"line":91,"column":4},"end":{"line":91,"column":47}},"41":{"start":{"line":94,"column":14},"end":{"line":94,"column":23}},"42":{"start":{"line":95,"column":4},"end":{"line":99,"column":5}},"43":{"start":{"line":96,"column":6},"end":{"line":96,"column":67}},"44":{"start":{"line":97,"column":6},"end":{"line":97,"column":34}},"45":{"start":{"line":98,"column":6},"end":{"line":98,"column":18}},"46":{"start":{"line":101,"column":4},"end":{"line":101,"column":41}},"47":{"start":{"line":102,"column":4},"end":{"line":102,"column":49}},"48":{"start":{"line":104,"column":4},"end":{"line":104,"column":15}},"49":{"start":{"line":107,"column":2},"end":{"line":110,"column":3}},"50":{"start":{"line":112,"column":2},"end":{"line":112,"column":13}}},"fnMap":{"0":{"name":"(anonymous_0)","decl":{"start":{"line":5,"column":17},"end":{"line":5,"column":18}},"loc":{"start":{"line":5,"column":36},"end":{"line":113,"column":1}},"line":5},"1":{"name":"(anonymous_1)","decl":{"start":{"line":50,"column":23},"end":{"line":50,"column":24}},"loc":{"start":{"line":50,"column":32},"end":{"line":54,"column":5}},"line":50},"2":{"name":"(anonymous_2)","decl":{"start":{"line":57,"column":26},"end":{"line":57,"column":27}},"loc":{"start":{"line":57,"column":46},"end":{"line":63,"column":3}},"line":57},"3":{"name":"(anonymous_3)","decl":{"start":{"line":65,"column":22},"end":{"line":65,"column":23}},"loc":{"start":{"line":65,"column":49},"end":{"line":69,"column":3}},"line":65},"4":{"name":"(anonymous_4)","decl":{"start":{"line":71,"column":15},"end":{"line":71,"column":16}},"loc":{"start":{"line":71,"column":27},"end":{"line":105,"column":3}},"line":71}},"branchMap":{"0":{"loc":{"start":{"line":49,"column":2},"end":{"line":55,"column":3}},"type":"if","locations":[{"start":{"line":49,"column":2},"end":{"line":55,"column":3}},{"start":{"line":49,"column":2},"end":{"line":55,"column":3}}],"line":49},"1":{"loc":{"start":{"line":95,"column":4},"end":{"line":99,"column":5}},"type":"if","locations":[{"start":{"line":95,"column":4},"end":{"line":99,"column":5}},{"start":{"line":95,"column":4},"end":{"line":99,"column":5}}],"line":95},"2":{"loc":{"start":{"line":95,"column":8},"end":{"line":95,"column":71}},"type":"binary-expr","locations":[{"start":{"line":95,"column":8},"end":{"line":95,"column":12}},{"start":{"line":95,"column":16},"end":{"line":95,"column":43}},{"start":{"line":95,"column":47},"end":{"line":95,"column":71}}],"line":95}},"s":{"0":1,"1":1,"2":1,"3":1,"4":5,"5":5,"6":5,"7":5,"8":5,"9":5,"10":5,"11":5,"12":3,"13":0,"14":0,"15":0,"16":5,"17":8,"18":8,"19":8,"20":8,"21":8,"22":5,"23":11,"24":11,"25":11,"26":5,"27":5,"28":5,"29":5,"30":5,"31":5,"32":5,"33":5,"34":5,"35":5,"36":5,"37":0,"38":0,"39":0,"40":5,"41":5,"42":5,"43":2,"44":2,"45":2,"46":3,"47":3,"48":3,"49":5,"50":5},"f":{"0":5,"1":0,"2":8,"3":11,"4":5},"b":{"0":[3,2],"1":[2,3],"2":[5,4,4]},"_coverageSchema":"1a1c01bbd47fc00a2c39e90264f33305004495a9","hash":"8b4305385c6c10b01302da55556e632b1add48ef","contentHash":"39535813f8b41f7673ddd0622fcb284593e973d568de84bceb970127dec51afe"}
,"/home/runner/work/rtldev-middleware-semantic-release-whmcs/rtldev-middleware-semantic-release-whmcs/lib/resolve-config.js": {"path":"/home/runner/work/rtldev-middleware-semantic-release-whmcs/rtldev-middleware-semantic-release-whmcs/lib/resolve-config.js","statementMap":{"0":{"start":{"line":1,"column":0},"end":{"line":11,"column":2}},"1":{"start":{"line":1,"column":31},"end":{"line":11,"column":1}}},"fnMap":{"0":{"name":"(anonymous_0)","decl":{"start":{"line":1,"column":17},"end":{"line":1,"column":18}},"loc":{"start":{"line":1,"column":31},"end":{"line":11,"column":1}},"line":1}},"branchMap":{"0":{"loc":{"start":{"line":2,"column":9},"end":{"line":2,"column":35}},"type":"binary-expr","locations":[{"start":{"line":2,"column":9},"end":{"line":2,"column":26}},{"start":{"line":2,"column":30},"end":{"line":2,"column":35}}],"line":2},"1":{"loc":{"start":{"line":3,"column":12},"end":{"line":3,"column":41}},"type":"binary-expr","locations":[{"start":{"line":3,"column":12},"end":{"line":3,"column":32}},{"start":{"line":3,"column":36},"end":{"line":3,"column":41}}],"line":3},"2":{"loc":{"start":{"line":4,"column":13},"end":{"line":4,"column":43}},"type":"binary-expr","locations":[{"start":{"line":4,"column":13},"end":{"line":4,"column":34}},{"start":{"line":4,"column":38},"end":{"line":4,"column":43}}],"line":4},"3":{"loc":{"start":{"line":5,"column":14},"end":{"line":5,"column":46}},"type":"binary-expr","locations":[{"start":{"line":5,"column":14},"end":{"line":5,"column":36}},{"start":{"line":5,"column":40},"end":{"line":5,"column":46}}],"line":5},"4":{"loc":{"start":{"line":6,"column":11},"end":{"line":6,"column":52}},"type":"binary-expr","locations":[{"start":{"line":6,"column":11},"end":{"line":6,"column":23}},{"start":{"line":6,"column":27},"end":{"line":6,"column":43}},{"start":{"line":6,"column":47},"end":{"line":6,"column":52}}],"line":6},"5":{"loc":{"start":{"line":7,"column":10},"end":{"line":7,"column":49}},"type":"binary-expr","locations":[{"start":{"line":7,"column":10},"end":{"line":7,"column":21}},{"start":{"line":7,"column":25},"end":{"line":7,"column":40}},{"start":{"line":7,"column":44},"end":{"line":7,"column":49}}],"line":7},"6":{"loc":{"start":{"line":8,"column":12},"end":{"line":8,"column":41}},"type":"binary-expr","locations":[{"start":{"line":8,"column":12},"end":{"line":8,"column":34}},{"start":{"line":8,"column":38},"end":{"line":8,"column":41}}],"line":8},"7":{"loc":{"start":{"line":10,"column":4},"end":{"line":10,"column":75}},"type":"binary-expr","locations":[{"start":{"line":10,"column":5},"end":{"line":10,"column":14}},{"start":{"line":10,"column":18},"end":{"line":10,"column":65}},{"start":{"line":10,"column":70},"end":{"line":10,"column":75}}],"line":10}},"s":{"0":2,"1":11},"f":{"0":11},"b":{"0":[11,2],"1":[11,3],"2":[11,5],"3":[11,8],"4":[11,11,3],"5":[11,11,11],"6":[11,11],"7":[11,3,8]},"_coverageSchema":"1a1c01bbd47fc00a2c39e90264f33305004495a9","hash":"95043a6757b3a6c767e6d8272cf9914ea3098bf7","contentHash":"5eca7a214a83a308b320f2a899dea64b5cb7e17bdcb81fcb0682ecae5145466d"}
,"/home/runner/work/rtldev-middleware-semantic-release-whmcs/rtldev-middleware-semantic-release-whmcs/lib/scrape-marketplace-versions.js": {"path":"/home/runner/work/rtldev-middleware-semantic-release-whmcs/rtldev-middleware-semantic-release-whmcs/lib/scrape-marketplace-versions.js","statementMap":{"0":{"start":{"line":1,"column":14},"end":{"line":1,"column":56}},"1":{"start":{"line":2,"column":15},"end":{"line":2,"column":34}},"2":{"start":{"line":3,"column":13},"end":{"line":3,"column":28}},"3":{"start":{"line":8,"column":0},"end":{"line":45,"column":1}},"4":{"start":{"line":9,"column":14},"end":{"line":9,"column":67}},"5":{"start":{"line":10,"column":14},"end":{"line":10,"column":64}},"6":{"start":{"line":12,"column":16},"end":{"line":12,"column":37}},"7":{"start":{"line":13,"column":17},"end":{"line":13,"column":36}},"8":{"start":{"line":14,"column":2},"end":{"line":16,"column":3}},"9":{"start":{"line":15,"column":4},"end":{"line":15,"column":17}},"10":{"start":{"line":17,"column":63},"end":{"line":17,"column":75}},"11":{"start":{"line":19,"column":28},"end":{"line":19,"column":30}},"12":{"start":{"line":20,"column":2},"end":{"line":40,"column":3}},"13":{"start":{"line":22,"column":16},"end":{"line":22,"column":63}},"14":{"start":{"line":23,"column":4},"end":{"line":23,"column":34}},"15":{"start":{"line":24,"column":4},"end":{"line":24,"column":49}},"16":{"start":{"line":25,"column":21},"end":{"line":25,"column":45}},"17":{"start":{"line":26,"column":4},"end":{"line":26,"column":54}},"18":{"start":{"line":27,"column":4},"end":{"line":27,"column":40}},"19":{"start":{"line":34,"column":4},"end":{"line":34,"column":33}},"20":{"start":{"line":35,"column":4},"end":{"line":35,"column":76}},"21":{"start":{"line":35,"column":39},"end":{"line":35,"column":75}},"22":{"start":{"line":37,"column":4},"end":{"line":37,"column":66}},"23":{"start":{"line":38,"column":4},"end":{"line":38,"column":32}},"24":{"start":{"line":39,"column":4},"end":{"line":39,"column":16}},"25":{"start":{"line":42,"column":2},"end":{"line":42,"column":52}},"26":{"start":{"line":43,"column":2},"end":{"line":43,"column":30}},"27":{"start":{"line":44,"column":2},"end":{"line":44,"column":28}}},"fnMap":{"0":{"name":"(anonymous_0)","decl":{"start":{"line":8,"column":17},"end":{"line":8,"column":18}},"loc":{"start":{"line":8,"column":50},"end":{"line":45,"column":1}},"line":8},"1":{"name":"(anonymous_1)","decl":{"start":{"line":35,"column":32},"end":{"line":35,"column":33}},"loc":{"start":{"line":35,"column":39},"end":{"line":35,"column":75}},"line":35}},"branchMap":{"0":{"loc":{"start":{"line":14,"column":2},"end":{"line":16,"column":3}},"type":"if","locations":[{"start":{"line":14,"column":2},"end":{"line":16,"column":3}},{"start":{"line":14,"column":2},"end":{"line":16,"column":3}}],"line":14}},"s":{"0":0,"1":0,"2":0,"3":0,"4":0,"5":0,"6":0,"7":0,"8":0,"9":0,"10":0,"11":0,"12":0,"13":0,"14":0,"15":0,"16":0,"17":0,"18":0,"19":0,"20":0,"21":0,"22":0,"23":0,"24":0,"25":0,"26":0,"27":0},"f":{"0":0,"1":0},"b":{"0":[0,0]},"all":true}
,"/home/runner/work/rtldev-middleware-semantic-release-whmcs/rtldev-middleware-semantic-release-whmcs/lib/set-compatible-versions.js": {"path":"/home/runner/work/rtldev-middleware-semantic-release-whmcs/rtldev-middleware-semantic-release-whmcs/lib/set-compatible-versions.js","statementMap":{"0":{"start":{"line":1,"column":14},"end":{"line":1,"column":56}},"1":{"start":{"line":2,"column":15},"end":{"line":2,"column":34}},"2":{"start":{"line":3,"column":13},"end":{"line":3,"column":28}},"3":{"start":{"line":8,"column":0},"end":{"line":71,"column":1}},"4":{"start":{"line":9,"column":14},"end":{"line":9,"column":67}},"5":{"start":{"line":10,"column":14},"end":{"line":10,"column":64}},"6":{"start":{"line":12,"column":16},"end":{"line":12,"column":37}},"7":{"start":{"line":13,"column":17},"end":{"line":13,"column":36}},"8":{"start":{"line":14,"column":2},"end":{"line":16,"column":3}},"9":{"start":{"line":15,"column":4},"end":{"line":15,"column":17}},"10":{"start":{"line":18,"column":4},"end":{"line":18,"column":16}},"11":{"start":{"line":20,"column":2},"end":{"line":20,"column":12}},"12":{"start":{"line":21,"column":2},"end":{"line":66,"column":3}},"13":{"start":{"line":23,"column":16},"end":{"line":23,"column":68}},"14":{"start":{"line":24,"column":4},"end":{"line":24,"column":34}},"15":{"start":{"line":25,"column":4},"end":{"line":25,"column":43}},"16":{"start":{"line":27,"column":21},"end":{"line":27,"column":49}},"17":{"start":{"line":28,"column":27},"end":{"line":28,"column":68}},"18":{"start":{"line":29,"column":4},"end":{"line":29,"column":54}},"19":{"start":{"line":30,"column":4},"end":{"line":30,"column":60}},"20":{"start":{"line":31,"column":4},"end":{"line":31,"column":46}},"21":{"start":{"line":33,"column":14},"end":{"line":33,"column":24}},"22":{"start":{"line":34,"column":4},"end":{"line":36,"column":5}},"23":{"start":{"line":35,"column":6},"end":{"line":35,"column":43}},"24":{"start":{"line":37,"column":4},"end":{"line":37,"column":51}},"25":{"start":{"line":61,"column":4},"end":{"line":61,"column":47}},"26":{"start":{"line":63,"column":4},"end":{"line":63,"column":69}},"27":{"start":{"line":64,"column":4},"end":{"line":64,"column":32}},"28":{"start":{"line":65,"column":4},"end":{"line":65,"column":16}},"29":{"start":{"line":68,"column":2},"end":{"line":68,"column":55}},"30":{"start":{"line":69,"column":2},"end":{"line":69,"column":30}},"31":{"start":{"line":70,"column":2},"end":{"line":70,"column":13}}},"fnMap":{"0":{"name":"(anonymous_0)","decl":{"start":{"line":8,"column":17},"end":{"line":8,"column":18}},"loc":{"start":{"line":8,"column":50},"end":{"line":71,"column":1}},"line":8}},"branchMap":{"0":{"loc":{"start":{"line":14,"column":2},"end":{"line":16,"column":3}},"type":"if","locations":[{"start":{"line":14,"column":2},"end":{"line":16,"column":3}},{"start":{"line":14,"column":2},"end":{"line":16,"column":3}}],"line":14},"1":{"loc":{"start":{"line":34,"column":4},"end":{"line":36,"column":5}},"type":"if","locations":[{"start":{"line":34,"column":4},"end":{"line":36,"column":5}},{"start":{"line":34,"column":4},"end":{"line":36,"column":5}}],"line":34}},"s":{"0":1,"1":1,"2":1,"3":1,"4":1,"5":1,"6":1,"7":1,"8":1,"9":0,"10":1,"11":1,"12":1,"13":1,"14":1,"15":1,"16":1,"17":1,"18":1,"19":1,"20":1,"21":1,"22":1,"23":1,"24":1,"25":1,"26":0,"27":0,"28":0,"29":1,"30":1,"31":1},"f":{"0":1},"b":{"0":[0,1],"1":[1,0]},"_coverageSchema":"1a1c01bbd47fc00a2c39e90264f33305004495a9","hash":"7357f6934563a64e0a9d5a4e7a143a381800aebf","contentHash":"9f4b4027468e4d88bc5dbccffea7c1cd3612901ec0ad45a26dc36d6c7b376ee1"}
,"/home/runner/work/rtldev-middleware-semantic-release-whmcs/rtldev-middleware-semantic-release-whmcs/lib/verify.js": {"path":"/home/runner/work/rtldev-middleware-semantic-release-whmcs/rtldev-middleware-semantic-release-whmcs/lib/verify.js","statementMap":{"0":{"start":{"line":1,"column":23},"end":{"line":1,"column":49}},"1":{"start":{"line":2,"column":22},"end":{"line":2,"column":49}},"2":{"start":{"line":3,"column":17},"end":{"line":3,"column":39}},"3":{"start":{"line":5,"column":0},"end":{"line":24,"column":1}},"4":{"start":{"line":6,"column":14},"end":{"line":6,"column":36}},"5":{"start":{"line":7,"column":17},"end":{"line":7,"column":19}},"6":{"start":{"line":8,"column":2},"end":{"line":10,"column":3}},"7":{"start":{"line":9,"column":4},"end":{"line":9,"column":39}},"8":{"start":{"line":11,"column":2},"end":{"line":13,"column":3}},"9":{"start":{"line":12,"column":4},"end":{"line":12,"column":48}},"10":{"start":{"line":15,"column":2},"end":{"line":17,"column":3}},"11":{"start":{"line":16,"column":4},"end":{"line":16,"column":46}},"12":{"start":{"line":18,"column":2},"end":{"line":20,"column":3}},"13":{"start":{"line":19,"column":4},"end":{"line":19,"column":51}},"14":{"start":{"line":21,"column":2},"end":{"line":23,"column":3}},"15":{"start":{"line":22,"column":4},"end":{"line":22,"column":36}}},"fnMap":{"0":{"name":"(anonymous_0)","decl":{"start":{"line":5,"column":17},"end":{"line":5,"column":18}},"loc":{"start":{"line":5,"column":50},"end":{"line":24,"column":1}},"line":5}},"branchMap":{"0":{"loc":{"start":{"line":8,"column":2},"end":{"line":10,"column":3}},"type":"if","locations":[{"start":{"line":8,"column":2},"end":{"line":10,"column":3}},{"start":{"line":8,"column":2},"end":{"line":10,"column":3}}],"line":8},"1":{"loc":{"start":{"line":11,"column":2},"end":{"line":13,"column":3}},"type":"if","locations":[{"start":{"line":11,"column":2},"end":{"line":13,"column":3}},{"start":{"line":11,"column":2},"end":{"line":13,"column":3}}],"line":11},"2":{"loc":{"start":{"line":11,"column":6},"end":{"line":11,"column":51}},"type":"binary-expr","locations":[{"start":{"line":11,"column":6},"end":{"line":11,"column":25}},{"start":{"line":11,"column":29},"end":{"line":11,"column":51}}],"line":11},"3":{"loc":{"start":{"line":15,"column":2},"end":{"line":17,"column":3}},"type":"if","locations":[{"start":{"line":15,"column":2},"end":{"line":17,"column":3}},{"start":{"line":15,"column":2},"end":{"line":17,"column":3}}],"line":15},"4":{"loc":{"start":{"line":18,"column":2},"end":{"line":20,"column":3}},"type":"if","locations":[{"start":{"line":18,"column":2},"end":{"line":20,"column":3}},{"start":{"line":18,"column":2},"end":{"line":20,"column":3}}],"line":18},"5":{"loc":{"start":{"line":18,"column":6},"end":{"line":18,"column":69}},"type":"binary-expr","locations":[{"start":{"line":18,"column":6},"end":{"line":18,"column":37}},{"start":{"line":18,"column":41},"end":{"line":18,"column":69}}],"line":18},"6":{"loc":{"start":{"line":21,"column":2},"end":{"line":23,"column":3}},"type":"if","locations":[{"start":{"line":21,"column":2},"end":{"line":23,"column":3}},{"start":{"line":21,"column":2},"end":{"line":23,"column":3}}],"line":21}},"s":{"0":1,"1":1,"2":1,"3":1,"4":6,"5":6,"6":6,"7":1,"8":6,"9":3,"10":6,"11":4,"12":6,"13":5,"14":6,"15":5},"f":{"0":6},"b":{"0":[1,5],"1":[3,3],"2":[6,4],"3":[4,2],"4":[5,1],"5":[6,1],"6":[5,1]},"_coverageSchema":"1a1c01bbd47fc00a2c39e90264f33305004495a9","hash":"05cd473693e272d63c0f1411a996ed415e02da18","contentHash":"e5be1faef877f66fb5fa738eee36707367515d56ae3b9f43da3c151236ed4fec"}
,"/home/runner/work/rtldev-middleware-semantic-release-whmcs/rtldev-middleware-semantic-release-whmcs/lib/definitions/errors.js": {"path":"/home/runner/work/rtldev-middleware-semantic-release-whmcs/rtldev-middleware-semantic-release-whmcs/lib/definitions/errors.js","statementMap":{"0":{"start":{"line":1,"column":0},"end":{"line":21,"column":1}},"1":{"start":{"line":2,"column":21},"end":{"line":5,"column":3}},"2":{"start":{"line":6,"column":30},"end":{"line":10,"column":3}},"3":{"start":{"line":11,"column":28},"end":{"line":15,"column":3}},"4":{"start":{"line":16,"column":33},"end":{"line":20,"column":3}}},"fnMap":{"0":{"name":"(anonymous_0)","decl":{"start":{"line":2,"column":14},"end":{"line":2,"column":15}},"loc":{"start":{"line":2,"column":21},"end":{"line":5,"column":3}},"line":2},"1":{"name":"(anonymous_1)","decl":{"start":{"line":6,"column":23},"end":{"line":6,"column":24}},"loc":{"start":{"line":6,"column":30},"end":{"line":10,"column":3}},"line":6},"2":{"name":"(anonymous_2)","decl":{"start":{"line":11,"column":21},"end":{"line":11,"column":22}},"loc":{"start":{"line":11,"column":28},"end":{"line":15,"column":3}},"line":11},"3":{"name":"(anonymous_3)","decl":{"start":{"line":16,"column":26},"end":{"line":16,"column":27}},"loc":{"start":{"line":16,"column":33},"end":{"line":20,"column":3}},"line":16}},"branchMap":{},"s":{"0":1,"1":1,"2":3,"3":4,"4":5},"f":{"0":1,"1":3,"2":4,"3":5},"b":{},"_coverageSchema":"1a1c01bbd47fc00a2c39e90264f33305004495a9","hash":"1536de7f95c3ae286eed9ffdd5de8d3b5880bf44","contentHash":"19c0ecde8ad6165ad8ad0c5746a5227711d2fa0643c62338daaffc20f868f404"}
}
